Mono path[0] = 'D:/Valheim.v218.15-0xdeadcode/valheim_Data/Managed'
Mono config path = 'D:/Valheim.v218.15-0xdeadcode/MonoBleedingEdge/etc'
[Physics::Module] Initialized MultithreadedJobDispatcher with 3 workers.
Initialize engine version: 2022.3.17f1 (4fc78088f837)
[Subsystems] Discovering subsystems at path D:/Valheim.v218.15-0xdeadcode/valheim_Data/UnitySubsystems
GfxDevice: creating device client; threaded=1; jobified=0
Direct3D:
    Version:  Direct3D 11.0 [level 11.1]
    Renderer: AMD Radeon RX 6500 XT (ID=0x743f)
    Vendor:   ATI
    VRAM:     4051 MB
    Driver:   31.0.24002.92
Begin MonoManager ReloadAssembly
- Loaded All Assemblies, in  0.522 seconds
- Finished resetting the current domain, in  0.002 seconds
D3D11 device created for Microsoft Media Foundation video decoding.
<RI> Initializing input.
New input system (experimental) initialized
Using Windows.Gaming.Input
<RI> Input initialized.
<RI> Initialized touch support.
UnloadTime: 0.877900 ms
Privilege Multiplayer is not known on this platform. Privilege therefore is granted without check...
Privilege UserGeneratedContent is not known on this platform. Privilege therefore is granted without check...
Privilege CrossPlay is not known on this platform. Privilege therefore is granted without check...
06/24/2024 18:50:13: Set background loading budget to Low
Unloading 5 Unused Serialized files (Serialized files now loaded: 9)
UnloadTime: 0.313300 ms
06/24/2024 18:50:14: Fetching PlatformPrefs 'GuiScale' before loading defaults
06/24/2024 18:50:14: Fetching PlatformPrefs 'GuiScale' before loading defaults
Unloading 172 unused Assets to reduce memory usage. Loaded Objects now: 2509.
Total: 1.983700 ms (FindLiveObjects: 0.155700 ms CreateObjectMapping: 0.222700 ms MarkObjects: 1.505800 ms  DeleteObjects: 0.099300 ms)

06/24/2024 18:50:14: Starting to load scene:start.unity (169d7618616154c03be07e9ad3af5893)
06/24/2024 18:50:14: Set background loading budget to Normal
Direct3D: detected that using refresh rate causes time drift. Will stop trusting refresh rate until the game window is moved.
Direct3D: detected that vsync is broken (it does not limit frame rate properly). Delta time will now be calculated using cpu-side time stampling until the game window is moved.
06/24/2024 18:50:20: Set background loading budget to High
The referenced script on this Behaviour (Game Object '<null>') is missing!
The referenced script on this Behaviour (Game Object '<null>') is missing!
Couldn't create a Convex Mesh from source mesh "default" within the maximum polygons limit (256). The partial hull will be used. Consider simplifying your mesh.
Couldn't create a Convex Mesh from source mesh "default" within the maximum polygons limit (256). The partial hull will be used. Consider simplifying your mesh.
The referenced script on this Behaviour (Game Object '<null>') is missing!
Unloading 2 Unused Serialized files (Serialized files now loaded: 1133)
06/24/2024 18:51:17: Set background loading budget to Low
UnloadTime: 8.302400 ms
Only custom filters can be played. Please add a custom filter or an audioclip to the audiosource (Amb_MainMenu).
06/24/2024 18:51:19: Missing audio clip in music respawn
06/24/2024 18:51:19: Using environment steamid 892970
06/24/2024 18:51:19: Using steam APPID:892970
06/24/2024 18:51:19: Authentication:k_ESteamNetworkingAvailability_Attempting
06/24/2024 18:51:19: Steam initialized, persona:HUNTER
06/24/2024 18:51:19: PlayFab custom ID set to "Steam_76561198274593638"
06/24/2024 18:51:19: Using default prefs
06/24/2024 18:51:19: Valheim version: 0.218.15 (network version 27)
Trying to set graphic mode to 'Custom'
Graphic mode 'Custom' is not or no longer supported. Fallback to default mode for platform...
Graphic mode 'Custom' applied!
06/24/2024 18:51:19: Worldgenerator version setup:2
06/24/2024 18:51:19: Render threading mode:MultiThreaded
06/24/2024 18:51:19: Set button "CamZoomIn" to None!
06/24/2024 18:51:19: Set button "CamZoomOut" to None!
06/24/2024 18:51:19: Set button "CamZoomIn" to None!
06/24/2024 18:51:19: Set button "CamZoomOut" to None!
Mouse KeyCodes have been deprecated with the new input system. Returning "Key.None"
Mouse KeyCodes have been deprecated with the new input system. Returning "Key.None"
Mouse KeyCodes have been deprecated with the new input system. Returning "Key.None"
Mouse KeyCodes have been deprecated with the new input system. Returning "Key.None"
Mouse KeyCodes have been deprecated with the new input system. Returning "Key.None"
06/24/2024 18:51:19: Checking for installed DLCs
06/24/2024 18:51:19: DLC:beta installed:False
06/24/2024 18:51:19: Builder started
06/24/2024 18:51:19: Loaded localization file #0 - 'localization' language: 'English'
06/24/2024 18:51:19: Loaded localization file #1 - 'localization_extra' language: 'English'
06/24/2024 18:51:19: Loaded localization file #2 - 'heightmap_message' language: 'English'
06/24/2024 18:51:19: Loaded localization file #3 - 'localization_hildir' language: 'English'
06/24/2024 18:51:19: Loaded localization file #4 - 'localization_emotes' language: 'English'
06/24/2024 18:51:19: Loaded localization file #5 - 'localization_ashlands' language: 'English'
06/24/2024 18:51:20: Loaded localization file #0 - 'localization' language: 'Spanish'
06/24/2024 18:51:20: Loaded localization file #1 - 'localization_extra' language: 'Spanish'
06/24/2024 18:51:20: Loaded localization file #2 - 'heightmap_message' language: 'Spanish'
06/24/2024 18:51:20: Loaded localization file #3 - 'localization_hildir' language: 'Spanish'
06/24/2024 18:51:20: Loaded localization file #4 - 'localization_emotes' language: 'Spanish'
06/24/2024 18:51:20: Loaded localization file #5 - 'localization_ashlands' language: 'Spanish'
06/24/2024 18:51:20: Sending PlayFab login request (attempt 1)
06/24/2024 18:51:20: Starting music menu
Unloading 86077 unused Assets to reduce memory usage. Loaded Objects now: 197592.
Total: 222.926800 ms (FindLiveObjects: 19.772000 ms CreateObjectMapping: 39.909300 ms MarkObjects: 122.691500 ms  DeleteObjects: 40.553600 ms)

06/24/2024 18:51:22: PlayFab logged in as "Steam_76561198274593638"
06/24/2024 18:51:22: PlayFab local entity ID is B3671D065A9E5F2F
06/24/2024 18:51:29: show character selection
06/24/2024 18:51:31: OnCharacterStart
06/24/2024 18:51:38: Failed to get lobby gameserver
06/24/2024 18:51:38: Failed to get lobby gameserver
06/24/2024 18:51:38: Failed to get lobby gameserver
06/24/2024 18:51:38: Failed to get lobby gameserver
06/24/2024 18:51:38: Failed to get lobby gameserver
06/24/2024 18:51:38: Failed to get lobby gameserver
06/24/2024 18:51:38: Failed to get lobby gameserver
06/24/2024 18:51:38: Failed to get lobby gameserver
06/24/2024 18:51:38: Failed to get lobby gameserver
06/24/2024 18:51:38: Failed to get lobby gameserver
06/24/2024 18:51:38: Failed to get lobby gameserver
06/24/2024 18:51:38: Failed to get lobby gameserver
06/24/2024 18:51:38: Failed to get lobby gameserver
06/24/2024 18:51:38: Failed to get lobby gameserver
06/24/2024 18:51:38: Failed to get lobby gameserver
06/24/2024 18:51:38: Failed to get lobby gameserver
06/24/2024 18:51:38: Failed to get lobby gameserver
06/24/2024 18:51:38: Failed to get lobby gameserver
06/24/2024 18:51:38: Failed to get lobby gameserver
06/24/2024 18:51:38: Failed to get lobby gameserver
06/24/2024 18:51:38: Failed to get lobby gameserver
06/24/2024 18:51:38: Failed to get lobby gameserver
06/24/2024 18:51:38: Failed to get lobby gameserver
06/24/2024 18:51:38: Failed to get lobby gameserver
06/24/2024 18:51:38: Failed to get lobby gameserver
06/24/2024 18:51:38: Failed to get lobby gameserver
06/24/2024 18:51:38: Failed to get lobby gameserver
06/24/2024 18:51:38: Failed to get lobby gameserver
06/24/2024 18:51:38: Failed to get lobby gameserver
06/24/2024 18:51:38: Failed to get lobby gameserver
06/24/2024 18:51:38: Failed to get lobby gameserver
06/24/2024 18:51:38: Failed to get lobby gameserver
06/24/2024 18:51:38: Failed to get lobby gameserver
06/24/2024 18:51:38: Failed to get lobby gameserver
06/24/2024 18:51:38: Failed to get lobby gameserver
06/24/2024 18:51:38: Failed to get lobby gameserver
06/24/2024 18:51:38: Failed to get lobby gameserver
06/24/2024 18:51:38: Failed to get lobby gameserver
06/24/2024 18:51:38: Failed to get lobby gameserver
06/24/2024 18:51:38: Failed to get lobby gameserver
06/24/2024 18:51:40: show character selection
06/24/2024 18:51:55: show character selection
06/24/2024 18:51:56: OnCharacterStart
06/24/2024 18:52:01: Loading main scene
The referenced script on this Behaviour (Game Object '<null>') is missing!
Unloading 3 Unused Serialized files (Serialized files now loaded: 1135)
06/24/2024 18:52:03: Cloud Save: 12 bytes. /serverlist/favorite.new
06/24/2024 18:52:03: Steam writing file chunks 1 / 1, (12 bytes)
06/24/2024 18:52:03: Steam Cloud Move: 12 bytes. /serverlist/favorite -> /serverlist/favorite.old
06/24/2024 18:52:03: Steam writing file chunks 1 / 1, (12 bytes)
06/24/2024 18:52:03: Steam Cloud Move: 12 bytes. /serverlist/favorite.new -> /serverlist/favorite
06/24/2024 18:52:03: Steam writing file chunks 1 / 1, (12 bytes)
06/24/2024 18:52:03: Cloud Save: 39 bytes. /serverlist/recent.new
06/24/2024 18:52:03: Steam writing file chunks 1 / 1, (39 bytes)
06/24/2024 18:52:03: Steam Cloud Move: 39 bytes. /serverlist/recent -> /serverlist/recent.old
06/24/2024 18:52:03: Steam writing file chunks 1 / 1, (39 bytes)
06/24/2024 18:52:03: Steam Cloud Move: 39 bytes. /serverlist/recent.new -> /serverlist/recent
06/24/2024 18:52:03: Steam writing file chunks 1 / 1, (39 bytes)
UnloadTime: 163.790400 ms
06/24/2024 18:52:03: Audioman already exist, destroying self
06/24/2024 18:52:03: Steam initialized, persona:HUNTER
06/24/2024 18:52:03: PlayFab custom ID set to "Steam_76561198274593638"
06/24/2024 18:52:03: Using default prefs
06/24/2024 18:52:03: Loading player profile el rompe vagina
06/24/2024 18:52:03: isModded: False
06/24/2024 18:52:03: Zonesystem Awake 5504
06/24/2024 18:52:03: DungeonDB Awake 5504
06/24/2024 18:52:03: Steam initialized, persona:HUNTER
06/24/2024 18:52:03: Registering lobby
06/24/2024 18:52:03: Worldgenerator version setup:2
06/24/2024 18:52:06: Checking for installed DLCs
06/24/2024 18:52:06: DLC:beta installed:False
Unloading 374 unused Assets to reduce memory usage. Loaded Objects now: 195323.
Total: 109.041200 ms (FindLiveObjects: 14.969700 ms CreateObjectMapping: 25.539100 ms MarkObjects: 67.829100 ms  DeleteObjects: 0.702900 ms)

06/24/2024 18:52:06: Zonesystem Start 5504
06/24/2024 18:52:06: Added 3 locations, 0 vegetations, 0 environments, 0 biome env-setups, 0 clutter  from main
06/24/2024 18:52:06: Added 1 locations, 0 vegetations, 2 environments, 0 biome env-setups, 0 clutter  from main
06/24/2024 18:52:06: Added 27 locations, 25 vegetations, 5 environments, 1 biome env-setups, 3 clutter  from main
06/24/2024 18:52:06: Added 4 locations, 0 vegetations, 1 environments, 0 biome env-setups, 0 clutter  from main
06/24/2024 18:52:06: Added 24 locations, 33 vegetations, 8 environments, 2 biome env-setups, 2 clutter  from main
06/24/2024 18:52:06: DungeonDB Start 5504
06/24/2024 18:52:06: ZRpc timeout set to 30s 
06/24/2024 18:52:06: ZNET START
06/24/2024 18:52:06: Load world: mundito (mundito)
06/24/2024 18:52:06: Loading 249260 zdos, my sessionID: 3034832679, data version: 34
06/24/2024 18:52:06: Loading in ZDOs
06/24/2024 18:52:07: Adding to Dictionary
06/24/2024 18:52:07: Adding to Sectors
06/24/2024 18:52:07: Connecting Portals, Spawners & ZSyncTransforms
ConnectPortals => Connected 3 portals.
ConnectSpawners => Connected 15 spawners and 320 'done' spawners.
06/24/2024 18:52:07: Loaded 11303 locations
06/24/2024 18:52:07: Unloading unused assets
Unloading 1 Unused Serialized files (Serialized files now loaded: 1135)
Am I Host? True
06/24/2024 18:52:07: Starting respawn
06/24/2024 18:52:07: Lobby was created k_EResultOK  109775243862661230  error:False
06/24/2024 18:52:07: Got requested lobby data
06/24/2024 18:52:07: Loading minimap textures done [440ms]
06/24/2024 18:52:08: Minimap: unpacking compressed mapData 11896 => 8389581 bytes
06/24/2024 18:52:08: tip:$loadscreen_tip12
Unloading 4 unused Assets to reduce memory usage. Loaded Objects now: 197694.
Total: 133.539600 ms (FindLiveObjects: 15.946500 ms CreateObjectMapping: 26.011300 ms MarkObjects: 91.041900 ms  DeleteObjects: 0.539400 ms)

06/24/2024 18:52:08: Got requested lobby data
06/24/2024 18:52:12: Loading dungeon
06/24/2024 18:52:12: Dungeon loaded with 29 rooms in 0.9964 ms.
06/24/2024 18:52:12: Loading room prefabs asynchronously
06/24/2024 18:52:12: Spawning dungeon
06/24/2024 18:52:16: Spawned after 8.019994
06/24/2024 18:52:16: Skipping unloading unused assets
06/24/2024 18:52:16: Minimap: Adding unique location (4.36, 46.62, -0.09)
06/24/2024 18:52:16: Minimap: Adding unique location (-1413.06, 34.65, -1027.48)
06/24/2024 18:52:18: Starting music blackforest
06/24/2024 18:52:18: Resumed music blackforest at 0
06/24/2024 18:52:22: Spawned FireFlies x 1
06/24/2024 18:52:25: Spawned Deer x 1
06/24/2024 18:52:25: Spawned Greydwarf_Shaman x 1
Am I Host? True
06/24/2024 18:52:33: Available space to current user: 133473644544. Saving is blocked if below: 22702020 bytes. Warnings are given if below: 45404040
06/24/2024 18:52:33: Minimap: compressed mapData 8389581 => 11896 bytes
06/24/2024 18:52:33: Cloud Save: 36562 bytes. /characters/el rompe vagina.fch.new
06/24/2024 18:52:33: Steam writing file chunks 1 / 1, (36562 bytes)
06/24/2024 18:52:33: Steam Cloud Move: 36562 bytes. /characters/el rompe vagina.fch -> /characters/el rompe vagina.fch.old
06/24/2024 18:52:33: Steam writing file chunks 1 / 1, (36562 bytes)
06/24/2024 18:52:33: Steam Cloud Move: 36562 bytes. /characters/el rompe vagina.fch.new -> /characters/el rompe vagina.fch
06/24/2024 18:52:33: Steam writing file chunks 1 / 1, (36562 bytes)
06/24/2024 18:52:33: Considering autobackup. World time: 24.56, short time: 7200, long time: 43200, backup count: 4
06/24/2024 18:52:33: Skipping backup. World session not long enough.
06/24/2024 18:52:33: Sending message to save player profiles
06/24/2024 18:52:33: PrepareSave: clone done in 39ms
06/24/2024 18:52:33: PrepareSave: ZDOExtraData.PrepareSave done in 70 ms
06/24/2024 18:52:33: World save writing starting
06/24/2024 18:52:33: World save writing started
06/24/2024 18:52:34: Saved 249263 ZDOs
06/24/2024 18:52:34: World save writing finishing
06/24/2024 18:52:34: World save writing finished
06/24/2024 18:52:34: World saved ( 1117.1277ms )
06/24/2024 18:52:34: Considering autobackup. World time: 25.9, short time: 7200, long time: 43200, backup count: 4
06/24/2024 18:52:34: Skipping backup. World session not long enough.
Am I Host? True
06/24/2024 18:52:35: Activating default element Continue
Am I Host? True
06/24/2024 18:52:39: Available space to current user: 133473624064. Saving is blocked if below: 22645866 bytes. Warnings are given if below: 45291732
Am I Host? True
06/24/2024 18:52:39: Game - OnApplicationQuit
Am I Host? True
06/24/2024 18:52:39: Available space to current user: 133473624064. Saving is blocked if below: 22645866 bytes. Warnings are given if below: 45291732
06/24/2024 18:52:39: Shutting down
06/24/2024 18:52:39: Minimap: compressed mapData 8389581 => 11896 bytes
06/24/2024 18:52:39: Cloud Save: 36562 bytes. /characters/el rompe vagina.fch.new
06/24/2024 18:52:39: Steam writing file chunks 1 / 1, (36562 bytes)
06/24/2024 18:52:39: Steam Cloud Move: 36562 bytes. /characters/el rompe vagina.fch -> /characters/el rompe vagina.fch.old
06/24/2024 18:52:39: Steam writing file chunks 1 / 1, (36562 bytes)
06/24/2024 18:52:39: Steam Cloud Move: 36562 bytes. /characters/el rompe vagina.fch.new -> /characters/el rompe vagina.fch
06/24/2024 18:52:39: Steam writing file chunks 1 / 1, (36562 bytes)
06/24/2024 18:52:39: Considering autobackup. World time: 27.2, short time: 7200, long time: 43200, backup count: 4
06/24/2024 18:52:39: Skipping backup. World session not long enough.
06/24/2024 18:52:39: ZNet Shutdown
06/24/2024 18:52:39: PrepareSave: clone done in 30ms
06/24/2024 18:52:39: PrepareSave: ZDOExtraData.PrepareSave done in 43 ms
06/24/2024 18:52:39: World save writing starting
06/24/2024 18:52:39: World save writing started
06/24/2024 18:52:40: Saved 249263 ZDOs
06/24/2024 18:52:40: World save writing finishing
06/24/2024 18:52:40: World save writing finished
06/24/2024 18:52:40: World saved ( 903.228ms )
06/24/2024 18:52:40: Considering autobackup. World time: 27.2, short time: 7200, long time: 43200, backup count: 4
06/24/2024 18:52:40: Skipping backup. World session not long enough.
06/24/2024 18:52:40: Unloading unused assets
06/24/2024 18:52:40: Sending disconnect msg
Unloading 3 Unused Serialized files (Serialized files now loaded: 1196)
ZPlayFabMatchmaking::UnregisterServer - unregistering server now. State: Uninitialized
06/24/2024 18:52:40: Disposing socket
06/24/2024 18:52:40: Stopping listening socket
06/24/2024 18:52:40: Last socket, unregistering callback
06/24/2024 18:52:40: ZSteamSocket  UnregisterGlobalCallbacks, existing sockets:0
06/24/2024 18:52:40: Stopping build thread
Unloading 485 unused Assets to reduce memory usage. Loaded Objects now: 435277.
Total: 192.630600 ms (FindLiveObjects: 38.121400 ms CreateObjectMapping: 32.032500 ms MarkObjects: 120.666400 ms  DeleteObjects: 1.809900 ms)

Setting up 2 worker threads for Enlighten.
06/24/2024 18:52:43: Steam manager on destroy
06/24/2024 18:52:43: Local player destroyed
06/24/2024 18:52:43: ZNet OnDestroy
06/24/2024 18:52:43: Net scene destroyed
Memory Statistics:
[ALLOC_TEMP_TLS] TLS Allocator
  StackAllocators : 
    [ALLOC_TEMP_MAIN]
      Peak usage frame count: [2.0 KB-4.0 KB]: 3602 frames, [8.0 KB-16.0 KB]: 55 frames, [16.0 KB-32.0 KB]: 322 frames, [32.0 KB-64.0 KB]: 2770 frames, [64.0 KB-128.0 KB]: 330 frames, [128.0 KB-256.0 KB]: 63 frames, [256.0 KB-0.5 MB]: 71 frames, [0.5 MB-1.0 MB]: 4 frames, [1.0 MB-2.0 MB]: 2 frames, [2.0 MB-4.0 MB]: 3 frames, [4.0 MB-8.0 MB]: 5 frames
      Initial Block Size 4.0 MB
      Current Block Size 7.7 MB
      Peak Allocated Bytes 7.6 MB
      Overflow Count 11
    [ALLOC_TEMP_Background Job.worker 4]
      Initial Block Size 32.0 KB
      Current Block Size 32.0 KB
      Peak Allocated Bytes 300 B
      Overflow Count 0
    [ALLOC_TEMP_Loading.PreloadManager]
      Initial Block Size 256.0 KB
      Current Block Size 0.5 MB
      Peak Allocated Bytes 511.5 KB
      Overflow Count 271638
    [ALLOC_TEMP_Background Job.worker 3]
      Initial Block Size 32.0 KB
      Current Block Size 32.0 KB
      Peak Allocated Bytes 300 B
      Overflow Count 0
    [ALLOC_TEMP_Background Job.worker 11]
      Initial Block Size 32.0 KB
      Current Block Size 32.0 KB
      Peak Allocated Bytes 300 B
      Overflow Count 0
    [ALLOC_TEMP_Background Job.worker 7]
      Initial Block Size 32.0 KB
      Current Block Size 32.0 KB
      Peak Allocated Bytes 300 B
      Overflow Count 0
    [ALLOC_TEMP_Background Job.worker 6]
      Initial Block Size 32.0 KB
      Current Block Size 32.0 KB
      Peak Allocated Bytes 300 B
      Overflow Count 0
    [ALLOC_TEMP_Background Job.worker 12]
      Initial Block Size 32.0 KB
      Current Block Size 32.0 KB
      Peak Allocated Bytes 300 B
      Overflow Count 0
    [ALLOC_TEMP_Background Job.worker 2]
      Initial Block Size 32.0 KB
      Current Block Size 32.0 KB
      Peak Allocated Bytes 300 B
      Overflow Count 0
    [ALLOC_TEMP_Background Job.worker 9]
      Initial Block Size 32.0 KB
      Current Block Size 32.0 KB
      Peak Allocated Bytes 300 B
      Overflow Count 0
    [ALLOC_TEMP_Job.worker 0]
      Initial Block Size 256.0 KB
      Current Block Size 256.0 KB
      Peak Allocated Bytes 153.5 KB
      Overflow Count 0
    [ALLOC_TEMP_Background Job.worker 10]
      Initial Block Size 32.0 KB
      Current Block Size 32.0 KB
      Peak Allocated Bytes 300 B
      Overflow Count 0
    [ALLOC_TEMP_Background Job.worker 8]
      Initial Block Size 32.0 KB
      Current Block Size 32.0 KB
      Peak Allocated Bytes 300 B
      Overflow Count 0
    [ALLOC_TEMP_Background Job.worker 15]
      Initial Block Size 32.0 KB
      Current Block Size 32.0 KB
      Peak Allocated Bytes 300 B
      Overflow Count 0
    [ALLOC_TEMP_Background Job.worker 1]
      Initial Block Size 32.0 KB
      Current Block Size 32.0 KB
      Peak Allocated Bytes 2.6 KB
      Overflow Count 0
    [ALLOC_TEMP_EnlightenWorker] x 2
      Initial Block Size 64.0 KB
      Current Block Size 64.0 KB
      Peak Allocated Bytes 54 B
      Overflow Count 0
    [ALLOC_TEMP_Job.worker 1]
      Initial Block Size 256.0 KB
      Current Block Size 256.0 KB
      Peak Allocated Bytes 153.5 KB
      Overflow Count 0
    [ALLOC_TEMP_Background Job.worker 13]
      Initial Block Size 32.0 KB
      Current Block Size 32.0 KB
      Peak Allocated Bytes 300 B
      Overflow Count 0
    [ALLOC_TEMP_NavMesh Builder.worker 0]
      Initial Block Size 64.0 KB
      Current Block Size 64.0 KB
      Peak Allocated Bytes 54 B
      Overflow Count 0
    [ALLOC_TEMP_Background Job.worker 5]
      Initial Block Size 32.0 KB
      Current Block Size 32.0 KB
      Peak Allocated Bytes 300 B
      Overflow Count 0
    [ALLOC_TEMP_UnityGfxDeviceWorker]
      Initial Block Size 256.0 KB
      Current Block Size 256.0 KB
      Peak Allocated Bytes 51.1 KB
      Overflow Count 2
    [ALLOC_TEMP_AssetGarbageCollectorHelper] x 3
      Initial Block Size 64.0 KB
      Current Block Size 64.0 KB
      Peak Allocated Bytes 138 B
      Overflow Count 0
    [ALLOC_TEMP_Job.worker 2]
      Initial Block Size 256.0 KB
      Current Block Size 256.0 KB
      Peak Allocated Bytes 153.5 KB
      Overflow Count 0
    [ALLOC_TEMP_Background Job.worker 0]
      Initial Block Size 32.0 KB
      Current Block Size 32.0 KB
      Peak Allocated Bytes 300 B
      Overflow Count 0
    [ALLOC_TEMP_HIDInput]
      Initial Block Size 64.0 KB
      Current Block Size 64.0 KB
      Peak Allocated Bytes 10.9 KB
      Overflow Count 0
    [ALLOC_TEMP_Background Job.worker 14]
      Initial Block Size 32.0 KB
      Current Block Size 32.0 KB
      Peak Allocated Bytes 300 B
      Overflow Count 0
    [ALLOC_TEMP_Loading.AsyncRead]
      Initial Block Size 64.0 KB
      Current Block Size 64.0 KB
      Peak Allocated Bytes 300 B
      Overflow Count 0
    [ALLOC_TEMP_BatchDeleteObjects]
      Initial Block Size 64.0 KB
      Current Block Size 64.0 KB
      Peak Allocated Bytes 54 B
      Overflow Count 0
[ALLOC_DEFAULT] Dual Thread Allocator
  Peak main deferred allocation count 29413
    [ALLOC_BUCKET]
      Large Block size 4.0 MB
      Used Block count 1
      Peak Allocated bytes 4.0 MB
      Failed Allocations. Bucket layout:
        16B: 6 Subsections = 6144 buckets. Failed count: 638164
        32B: 32 Subsections = 16384 buckets. Failed count: 235087
        48B: 32 Subsections = 10922 buckets. Failed count: 495128
        64B: 33 Subsections = 8448 buckets. Failed count: 236746
        80B: 60 Subsections = 12288 buckets. Failed count: 73562
        96B: 49 Subsections = 8362 buckets. Failed count: 98735
        112B: 34 Subsections = 4973 buckets. Failed count: 41961
        128B: 10 Subsections = 1280 buckets. Failed count: 215707
    [ALLOC_DEFAULT_MAIN]
      Peak usage frame count: [16.0 MB-32.0 MB]: 3655 frames, [32.0 MB-64.0 MB]: 7 frames, [64.0 MB-128.0 MB]: 1841 frames, [128.0 MB-256.0 MB]: 1724 frames
      Requested Block Size 16.0 MB
      Peak Block count 13
      Peak Allocated memory 251.1 MB
      Peak Large allocation bytes 87.2 MB
    [ALLOC_DEFAULT_THREAD]
      Peak usage frame count: [8.0 MB-16.0 MB]: 852 frames, [16.0 MB-32.0 MB]: 1635 frames, [32.0 MB-64.0 MB]: 64 frames, [64.0 MB-128.0 MB]: 133 frames, [128.0 MB-256.0 MB]: 449 frames, [256.0 MB-0.50 GB]: 4094 frames
      Requested Block Size 16.0 MB
      Peak Block count 19
      Peak Allocated memory 317.1 MB
      Peak Large allocation bytes 49.4 MB
[ALLOC_TEMP_JOB_1_FRAME]
  Initial Block Size 2.0 MB
  Used Block Count 0
  Overflow Count (too large) 0
  Overflow Count (full) 0
[ALLOC_TEMP_JOB_2_FRAMES]
  Initial Block Size 2.0 MB
  Used Block Count 0
  Overflow Count (too large) 0
  Overflow Count (full) 0
[ALLOC_TEMP_JOB_4_FRAMES (JobTemp)]
  Initial Block Size 2.0 MB
  Used Block Count 1
  Overflow Count (too large) 0
  Overflow Count (full) 0
[ALLOC_TEMP_JOB_ASYNC (Background)]
  Initial Block Size 1.0 MB
  Used Block Count 1
  Overflow Count (too large) 4
  Overflow Count (full) 0
[ALLOC_GFX] Dual Thread Allocator
  Peak main deferred allocation count 16
    [ALLOC_BUCKET]
      Large Block size 4.0 MB
      Used Block count 1
      Peak Allocated bytes 4.0 MB
      Failed Allocations. Bucket layout:
        16B: 6 Subsections = 6144 buckets. Failed count: 638164
        32B: 32 Subsections = 16384 buckets. Failed count: 235087
        48B: 32 Subsections = 10922 buckets. Failed count: 495128
        64B: 33 Subsections = 8448 buckets. Failed count: 236746
        80B: 60 Subsections = 12288 buckets. Failed count: 73562
        96B: 49 Subsections = 8362 buckets. Failed count: 98735
        112B: 34 Subsections = 4973 buckets. Failed count: 41961
        128B: 10 Subsections = 1280 buckets. Failed count: 215707
    [ALLOC_GFX_MAIN]
      Peak usage frame count: [32.0 KB-64.0 KB]: 2457 frames, [64.0 KB-128.0 KB]: 21 frames, [128.0 KB-256.0 KB]: 59 frames, [256.0 KB-0.5 MB]: 1 frames, [0.5 MB-1.0 MB]: 37 frames, [1.0 MB-2.0 MB]: 112 frames, [2.0 MB-4.0 MB]: 71 frames, [4.0 MB-8.0 MB]: 581 frames, [8.0 MB-16.0 MB]: 2164 frames, [64.0 MB-128.0 MB]: 1724 frames
      Requested Block Size 16.0 MB
      Peak Block count 2
      Peak Allocated memory 100.2 MB
      Peak Large allocation bytes 92.0 MB
    [ALLOC_GFX_THREAD]
      Peak usage frame count: [0-1.0 KB]: 1 frames, [0.5 MB-1.0 MB]: 2441 frames, [1.0 MB-2.0 MB]: 6 frames, [2.0 MB-4.0 MB]: 12 frames, [4.0 MB-8.0 MB]: 5 frames, [8.0 MB-16.0 MB]: 12 frames, [16.0 MB-32.0 MB]: 97 frames, [32.0 MB-64.0 MB]: 162 frames, [64.0 MB-128.0 MB]: 4412 frames, [128.0 MB-256.0 MB]: 79 frames
      Requested Block Size 16.0 MB
      Peak Block count 9
      Peak Allocated memory 130.6 MB
      Peak Large allocation bytes 0 B
[ALLOC_CACHEOBJECTS] Dual Thread Allocator
  Peak main deferred allocation count 197
    [ALLOC_BUCKET]
      Large Block size 4.0 MB
      Used Block count 1
      Peak Allocated bytes 4.0 MB
      Failed Allocations. Bucket layout:
        16B: 6 Subsections = 6144 buckets. Failed count: 638164
        32B: 32 Subsections = 16384 buckets. Failed count: 235087
        48B: 32 Subsections = 10922 buckets. Failed count: 495128
        64B: 33 Subsections = 8448 buckets. Failed count: 236746
        80B: 60 Subsections = 12288 buckets. Failed count: 73562
        96B: 49 Subsections = 8362 buckets. Failed count: 98735
        112B: 34 Subsections = 4973 buckets. Failed count: 41961
        128B: 10 Subsections = 1280 buckets. Failed count: 215707
    [ALLOC_CACHEOBJECTS_MAIN]
      Peak usage frame count: [2.0 MB-4.0 MB]: 3656 frames, [8.0 MB-16.0 MB]: 7 frames, [32.0 MB-64.0 MB]: 3564 frames
      Requested Block Size 4.0 MB
      Peak Block count 9
      Peak Allocated memory 60.0 MB
      Peak Large allocation bytes 30.6 MB
    [ALLOC_CACHEOBJECTS_THREAD]
      Peak usage frame count: [64.0 KB-128.0 KB]: 1 frames, [64.0 MB-128.0 MB]: 2402 frames, [128.0 MB-256.0 MB]: 220 frames, [256.0 MB-0.50 GB]: 4604 frames
      Requested Block Size 4.0 MB
      Peak Block count 101
      Peak Allocated memory 489.7 MB
      Peak Large allocation bytes 118.5 MB
[ALLOC_TYPETREE] Dual Thread Allocator
  Peak main deferred allocation count 127
    [ALLOC_BUCKET]
      Large Block size 4.0 MB
      Used Block count 1
      Peak Allocated bytes 4.0 MB
      Failed Allocations. Bucket layout:
        16B: 6 Subsections = 6144 buckets. Failed count: 638164
        32B: 32 Subsections = 16384 buckets. Failed count: 235087
        48B: 32 Subsections = 10922 buckets. Failed count: 495128
        64B: 33 Subsections = 8448 buckets. Failed count: 236746
        80B: 60 Subsections = 12288 buckets. Failed count: 73562
        96B: 49 Subsections = 8362 buckets. Failed count: 98735
        112B: 34 Subsections = 4973 buckets. Failed count: 41961
        128B: 10 Subsections = 1280 buckets. Failed count: 215707
    [ALLOC_TYPETREE_MAIN]
      Peak usage frame count: [256.0 KB-0.5 MB]: 5502 frames, [1.0 MB-2.0 MB]: 1725 frames
      Requested Block Size 2.0 MB
      Peak Block count 1
      Peak Allocated memory 1.5 MB
      Peak Large allocation bytes 0 B
    [ALLOC_TYPETREE_THREAD]
      Peak usage frame count: [4.0 KB-8.0 KB]: 1 frames, [8.0 MB-16.0 MB]: 407 frames, [16.0 MB-32.0 MB]: 170 frames, [32.0 MB-64.0 MB]: 122 frames, [64.0 MB-128.0 MB]: 6527 frames
      Requested Block Size 2.0 MB
      Peak Block count 49
      Peak Allocated memory 93.7 MB
      Peak Large allocation bytes 0 B
